# JRE version: OpenJDK Runtime Environment (11.0.8+10) (build 11.0.8+10-post-Ubuntu-0ubuntu118.04.1)
# Java VM: OpenJDK 64-Bit Server VM (11.0.8+10-post-Ubuntu-0ubuntu118.04.1, mixed mode, sharing, tiered, compressed oops, serial gc, linux-amd64)
Heap:
 def new generation   total 2432K, used 267K [0x00000000f8000000, 0x00000000f82a0000, 0x00000000faaa0000)
  eden space 2176K,  10% used [0x00000000f8000000, 0x00000000f8038d80, 0x00000000f8220000)
  from space 256K,  15% used [0x00000000f8220000, 0x00000000f822a1d8, 0x00000000f8260000)
  to   space 256K,   0% used [0x00000000f8260000, 0x00000000f8260000, 0x00000000f82a0000)
 tenured generation   total 5504K, used 5084K [0x00000000faaa0000, 0x00000000fb000000, 0x0000000100000000)
   the space 5504K,  92% used [0x00000000faaa0000, 0x00000000faf971f0, 0x00000000faf97200, 0x00000000fb000000)
 Metaspace       used 8956K, capacity 9355K, committed 9600K, reserved 1058816K
  class space    used 899K, capacity 1092K, committed 1152K, reserved 1048576K
GC Heap History (20 events):
Event: 10.103 GC heap before
{Heap before GC invocations=2 (full 0):
 def new generation   total 2432K, used 2431K [0x00000000f8000000, 0x00000000f82a0000, 0x00000000faaa0000)
  eden space 2176K, 100% used [0x00000000f8000000, 0x00000000f8220000, 0x00000000f8220000)
  from space 256K,  99% used [0x00000000f8220000, 0x00000000f825fff8, 0x00000000f8260000)
  to   space 256K,   0% used [0x00000000f8260000, 0x00000000f8260000, 0x00000000f82a0000)
 tenured generation   total 5504K, used 993K [0x00000000faaa0000, 0x00000000fb000000, 0x0000000100000000)
   the space 5504K,  18% used [0x00000000faaa0000, 0x00000000fab98688, 0x00000000fab98800, 0x00000000fb000000)
 Metaspace       used 5455K, capacity 5844K, committed 6144K, reserved 1056768K
  class space    used 537K, capacity 672K, committed 768K, reserved 1048576K
}
Event: 10.111 GC heap after
{Heap after GC invocations=3 (full 0):
 def new generation   total 2432K, used 256K [0x00000000f8000000, 0x00000000f82a0000, 0x00000000faaa0000)
  eden space 2176K,   0% used [0x00000000f8000000, 0x00000000f8000000, 0x00000000f8220000)
  from space 256K, 100% used [0x00000000f8260000, 0x00000000f82a0000, 0x00000000f82a0000)
  to   space 256K,   0% used [0x00000000f8220000, 0x00000000f8220000, 0x00000000f8260000)
 tenured generation   total 5504K, used 1377K [0x00000000faaa0000, 0x00000000fb000000, 0x0000000100000000)
   the space 5504K,  25% used [0x00000000faaa0000, 0x00000000fabf85c0, 0x00000000fabf8600, 0x00000000fb000000)
 Metaspace       used 5455K, capacity 5844K, committed 6144K, reserved 1056768K
  class space    used 537K, capacity 672K, committed 768K, reserved 1048576K
}
Event: 11.300 GC heap before
{Heap before GC invocations=3 (full 0):
 def new generation   total 2432K, used 2432K [0x00000000f8000000, 0x00000000f82a0000, 0x00000000faaa0000)
  eden space 2176K, 100% used [0x00000000f8000000, 0x00000000f8220000, 0x00000000f8220000)
  from space 256K, 100% used [0x00000000f8260000, 0x00000000f82a0000, 0x00000000f82a0000)
  to   space 256K,   0% used [0x00000000f8220000, 0x00000000f8220000, 0x00000000f8260000)
 tenured generation   total 5504K, used 1377K [0x00000000faaa0000, 0x00000000fb000000, 0x0000000100000000)
   the space 5504K,  25% used [0x00000000faaa0000, 0x00000000fabf85c0, 0x00000000fabf8600, 0x00000000fb000000)
 Metaspace       used 7327K, capacity 7749K, committed 7936K, reserved 1056768K
  class space    used 772K, capacity 962K, committed 1024K, reserved 1048576K
}
Event: 11.306 GC heap after
{Heap after GC invocations=4 (full 0):
 def new generation   total 2432K, used 256K [0x00000000f8000000, 0x00000000f82a0000, 0x00000000faaa0000)
  eden space 2176K,   0% used [0x00000000f8000000, 0x00000000f8000000, 0x00000000f8220000)
  from space 256K, 100% used [0x00000000f8220000, 0x00000000f8260000, 0x00000000f8260000)
  to   space 256K,   0% used [0x00000000f8260000, 0x00000000f8260000, 0x00000000f82a0000)
 tenured generation   total 5504K, used 1793K [0x00000000faaa0000, 0x00000000fb000000, 0x0000000100000000)
   the space 5504K,  32% used [0x00000000faaa0000, 0x00000000fac60570, 0x00000000fac60600, 0x00000000fb000000)
 Metaspace       used 7327K, capacity 7749K, committed 7936K, reserved 1056768K
  class space    used 772K, capacity 962K, committed 1024K, reserved 1048576K
}
Event: 11.617 GC heap before
{Heap before GC invocations=4 (full 0):
 def new generation   total 2432K, used 1477K [0x00000000f8000000, 0x00000000f82a0000, 0x00000000faaa0000)
  eden space 2176K,  56% used [0x00000000f8000000, 0x00000000f8131540, 0x00000000f8220000)
  from space 256K, 100% used [0x00000000f8220000, 0x00000000f8260000, 0x00000000f8260000)
  to   space 256K,   0% used [0x00000000f8260000, 0x00000000f8260000, 0x00000000f82a0000)
 tenured generation   total 5504K, used 1793K [0x00000000faaa0000, 0x00000000fb000000, 0x0000000100000000)
   the space 5504K,  32% used [0x00000000faaa0000, 0x00000000fac60570, 0x00000000fac60600, 0x00000000fb000000)
 Metaspace       used 7369K, capacity 7749K, committed 7936K, reserved 1056768K
  class space    used 772K, capacity 962K, committed 1024K, reserved 1048576K
}
Event: 11.620 GC heap after
{Heap after GC invocations=5 (full 0):
 def new generation   total 2432K, used 228K [0x00000000f8000000, 0x00000000f82a0000, 0x00000000faaa0000)
  eden space 2176K,   0% used [0x00000000f8000000, 0x00000000f8000000, 0x00000000f8220000)
  from space 256K,  89% used [0x00000000f8260000, 0x00000000f8299068, 0x00000000f82a0000)
  to   space 256K,   0% used [0x00000000f8220000, 0x00000000f8220000, 0x00000000f8260000)
 tenured generation   total 5504K, used 2283K [0x00000000faaa0000, 0x00000000fb000000, 0x0000000100000000)
   the space 5504K,  41% used [0x00000000faaa0000, 0x00000000facdaf60, 0x00000000facdb000, 0x00000000fb000000)
 Metaspace       used 7369K, capacity 7749K, committed 7936K, reserved 1056768K
  class space    used 772K, capacity 962K, committed 1024K, reserved 1048576K
}
Event: 11.808 GC heap before
{Heap before GC invocations=5 (full 0):
 def new generation   total 2432K, used 2400K [0x00000000f8000000, 0x00000000f82a0000, 0x00000000faaa0000)
  eden space 2176K,  99% used [0x00000000f8000000, 0x00000000f821f240, 0x00000000f8220000)
  from space 256K,  89% used [0x00000000f8260000, 0x00000000f8299068, 0x00000000f82a0000)
  to   space 256K,   0% used [0x00000000f8220000, 0x00000000f8220000, 0x00000000f8260000)
 tenured generation   total 5504K, used 2283K [0x00000000faaa0000, 0x00000000fb000000, 0x0000000100000000)
   the space 5504K,  41% used [0x00000000faaa0000, 0x00000000facdaf60, 0x00000000facdb000, 0x00000000fb000000)
 Metaspace       used 7418K, capacity 7813K, committed 7936K, reserved 1056768K
  class space    used 780K, capacity 962K, committed 1024K, reserved 1048576K
}
Event: 11.814 GC heap after
{Heap after GC invocations=6 (full 0):
 def new generation   total 2432K, used 50K [0x00000000f8000000, 0x00000000f82a0000, 0x00000000faaa0000)
  eden space 2176K,   0% used [0x00000000f8000000, 0x00000000f8000000, 0x00000000f8220000)
  from space 256K,  19% used [0x00000000f8220000, 0x00000000f822c900, 0x00000000f8260000)
  to   space 256K,   0% used [0x00000000f8260000, 0x00000000f8260000, 0x00000000f82a0000)
 tenured generation   total 5504K, used 3392K [0x00000000faaa0000, 0x00000000fb000000, 0x0000000100000000)
   the space 5504K,  61% used [0x00000000faaa0000, 0x00000000fadf02b0, 0x00000000fadf0400, 0x00000000fb000000)
 Metaspace       used 7418K, capacity 7813K, committed 7936K, reserved 1056768K
  class space    used 780K, capacity 962K, committed 1024K, reserved 1048576K
}
Event: 13.899 GC heap before
{Heap before GC invocations=6 (full 0):
 def new generation   total 2432K, used 2226K [0x00000000f8000000, 0x00000000f82a0000, 0x00000000faaa0000)
  eden space 2176K, 100% used [0x00000000f8000000, 0x00000000f8220000, 0x00000000f8220000)
  from space 256K,  19% used [0x00000000f8220000, 0x00000000f822c900, 0x00000000f8260000)
  to   space 256K,   0% used [0x00000000f8260000, 0x00000000f8260000, 0x00000000f82a0000)
 tenured generation   total 5504K, used 3392K [0x00000000faaa0000, 0x00000000fb000000, 0x0000000100000000)
   the space 5504K,  61% used [0x00000000faaa0000, 0x00000000fadf02b0, 0x00000000fadf0400, 0x00000000fb000000)
 Metaspace       used 8603K, capacity 8971K, committed 9088K, reserved 1056768K
  class space    used 899K, capacity 1092K, committed 1152K, reserved 1048576K
}
Event: 13.902 GC heap after
{Heap after GC invocations=7 (full 0):
 def new generation   total 2432K, used 256K [0x00000000f8000000, 0x00000000f82a0000, 0x00000000faaa0000)
  eden space 2176K,   0% used [0x00000000f8000000, 0x00000000f8000000, 0x00000000f8220000)
  from space 256K, 100% used [0x00000000f8260000, 0x00000000f82a0000, 0x00000000f82a0000)
  to   space 256K,   0% used [0x00000000f8220000, 0x00000000f8220000, 0x00000000f8260000)
 tenured generation   total 5504K, used 4829K [0x00000000faaa0000, 0x00000000fb000000, 0x0000000100000000)
   the space 5504K,  87% used [0x00000000faaa0000, 0x00000000faf574f8, 0x00000000faf57600, 0x00000000fb000000)
 Metaspace       used 8603K, capacity 8971K, committed 9088K, reserved 1056768K
  class space    used 899K, capacity 1092K, committed 1152K, reserved 1048576K
}
Event: 48.899 GC heap before
{Heap before GC invocations=7 (full 0):
 def new generation   total 2432K, used 2432K [0x00000000f8000000, 0x00000000f82a0000, 0x00000000faaa0000)
  eden space 2176K, 100% used [0x00000000f8000000, 0x00000000f8220000, 0x00000000f8220000)
  from space 256K, 100% used [0x00000000f8260000, 0x00000000f82a0000, 0x00000000f82a0000)
  to   space 256K,   0% used [0x00000000f8220000, 0x00000000f8220000, 0x00000000f8260000)
 tenured generation   total 5504K, used 4829K [0x00000000faaa0000, 0x00000000fb000000, 0x0000000100000000)
   the space 5504K,  87% used [0x00000000faaa0000, 0x00000000faf574f8, 0x00000000faf57600, 0x00000000fb000000)
 Metaspace       used 8952K, capacity 9355K, committed 9600K, reserved 1058816K
  class space    used 899K, capacity 1092K, committed 1152K, reserved 1048576K
}
Event: 48.900 GC heap after
{Heap after GC invocations=8 (full 0):
 def new generation   total 2432K, used 17K [0x00000000f8000000, 0x00000000f82a0000, 0x00000000faaa0000)
  eden space 2176K,   0% used [0x00000000f8000000, 0x00000000f8000000, 0x00000000f8220000)
  from space 256K,   6% used [0x00000000f8220000, 0x00000000f8224410, 0x00000000f8260000)
  to   space 256K,   0% used [0x00000000f8260000, 0x00000000f8260000, 0x00000000f82a0000)
 tenured generation   total 5504K, used 5084K [0x00000000faaa0000, 0x00000000fb000000, 0x0000000100000000)
   the space 5504K,  92% used [0x00000000faaa0000, 0x00000000faf971f0, 0x00000000faf97200, 0x00000000fb000000)
 Metaspace       used 8952K, capacity 9355K, committed 9600K, reserved 1058816K
  class space    used 899K, capacity 1092K, committed 1152K, reserved 1048576K
}
Event: 79.208 GC heap before
{Heap before GC invocations=8 (full 0):
 def new generation   total 2432K, used 2193K [0x00000000f8000000, 0x00000000f82a0000, 0x00000000faaa0000)
  eden space 2176K, 100% used [0x00000000f8000000, 0x00000000f8220000, 0x00000000f8220000)
  from space 256K,   6% used [0x00000000f8220000, 0x00000000f8224410, 0x00000000f8260000)
  to   space 256K,   0% used [0x00000000f8260000, 0x00000000f8260000, 0x00000000f82a0000)
 tenured generation   total 5504K, used 5084K [0x00000000faaa0000, 0x00000000fb000000, 0x0000000100000000)
   the space 5504K,  92% used [0x00000000faaa0000, 0x00000000faf971f0, 0x00000000faf97200, 0x00000000fb000000)
 Metaspace       used 8952K, capacity 9355K, committed 9600K, reserved 1058816K
  class space    used 899K, capacity 1092K, committed 1152K, reserved 1048576K
}
Event: 79.209 GC heap after
{Heap after GC invocations=9 (full 0):
 def new generation   total 2432K, used 21K [0x00000000f8000000, 0x00000000f82a0000, 0x00000000faaa0000)
  eden space 2176K,   0% used [0x00000000f8000000, 0x00000000f8000000, 0x00000000f8220000)
  from space 256K,   8% used [0x00000000f8260000, 0x00000000f82657a0, 0x00000000f82a0000)
  to   space 256K,   0% used [0x00000000f8220000, 0x00000000f8220000, 0x00000000f8260000)
 tenured generation   total 5504K, used 5084K [0x00000000faaa0000, 0x00000000fb000000, 0x0000000100000000)
   the space 5504K,  92% used [0x00000000faaa0000, 0x00000000faf971f0, 0x00000000faf97200, 0x00000000fb000000)
 Metaspace       used 8952K, capacity 9355K, committed 9600K, reserved 1058816K
  class space    used 899K, capacity 1092K, committed 1152K, reserved 1048576K
}
Event: 110.515 GC heap before
{Heap before GC invocations=9 (full 0):
 def new generation   total 2432K, used 2197K [0x00000000f8000000, 0x00000000f82a0000, 0x00000000faaa0000)
  eden space 2176K, 100% used [0x00000000f8000000, 0x00000000f8220000, 0x00000000f8220000)
  from space 256K,   8% used [0x00000000f8260000, 0x00000000f82657a0, 0x00000000f82a0000)
  to   space 256K,   0% used [0x00000000f8220000, 0x00000000f8220000, 0x00000000f8260000)
 tenured generation   total 5504K, used 5084K [0x00000000faaa0000, 0x00000000fb000000, 0x0000000100000000)
   the space 5504K,  92% used [0x00000000faaa0000, 0x00000000faf971f0, 0x00000000faf97200, 0x00000000fb000000)
 Metaspace       used 8953K, capacity 9355K, committed 9600K, reserved 1058816K
  class space    used 899K, capacity 1092K, committed 1152K, reserved 1048576K
}
Event: 110.516 GC heap after
{Heap after GC invocations=10 (full 0):
 def new generation   total 2432K, used 38K [0x00000000f8000000, 0x00000000f82a0000, 0x00000000faaa0000)
  eden space 2176K,   0% used [0x00000000f8000000, 0x00000000f8000000, 0x00000000f8220000)
  from space 256K,  15% used [0x00000000f8220000, 0x00000000f8229a78, 0x00000000f8260000)
  to   space 256K,   0% used [0x00000000f8260000, 0x00000000f8260000, 0x00000000f82a0000)
 tenured generation   total 5504K, used 5084K [0x00000000faaa0000, 0x00000000fb000000, 0x0000000100000000)
   the space 5504K,  92% used [0x00000000faaa0000, 0x00000000faf971f0, 0x00000000faf97200, 0x00000000fb000000)
 Metaspace       used 8953K, capacity 9355K, committed 9600K, reserved 1058816K
  class space    used 899K, capacity 1092K, committed 1152K, reserved 1048576K
}
Event: 140.883 GC heap before
{Heap before GC invocations=10 (full 0):
 def new generation   total 2432K, used 2214K [0x00000000f8000000, 0x00000000f82a0000, 0x00000000faaa0000)
  eden space 2176K, 100% used [0x00000000f8000000, 0x00000000f8220000, 0x00000000f8220000)
  from space 256K,  15% used [0x00000000f8220000, 0x00000000f8229a78, 0x00000000f8260000)
  to   space 256K,   0% used [0x00000000f8260000, 0x00000000f8260000, 0x00000000f82a0000)
 tenured generation   total 5504K, used 5084K [0x00000000faaa0000, 0x00000000fb000000, 0x0000000100000000)
   the space 5504K,  92% used [0x00000000faaa0000, 0x00000000faf971f0, 0x00000000faf97200, 0x00000000fb000000)
 Metaspace       used 8953K, capacity 9355K, committed 9600K, reserved 1058816K
  class space    used 899K, capacity 1092K, committed 1152K, reserved 1048576K
}
Event: 140.884 GC heap after
{Heap after GC invocations=11 (full 0):
 def new generation   total 2432K, used 40K [0x00000000f8000000, 0x00000000f82a0000, 0x00000000faaa0000)
  eden space 2176K,   0% used [0x00000000f8000000, 0x00000000f8000000, 0x00000000f8220000)
  from space 256K,  15% used [0x00000000f8260000, 0x00000000f826a1f8, 0x00000000f82a0000)
  to   space 256K,   0% used [0x00000000f8220000, 0x00000000f8220000, 0x00000000f8260000)
 tenured generation   total 5504K, used 5084K [0x00000000faaa0000, 0x00000000fb000000, 0x0000000100000000)
   the space 5504K,  92% used [0x00000000faaa0000, 0x00000000faf971f0, 0x00000000faf97200, 0x00000000fb000000)
 Metaspace       used 8953K, capacity 9355K, committed 9600K, reserved 1058816K
  class space    used 899K, capacity 1092K, committed 1152K, reserved 1048576K
}
Event: 171.469 GC heap before
{Heap before GC invocations=11 (full 0):
 def new generation   total 2432K, used 2216K [0x00000000f8000000, 0x00000000f82a0000, 0x00000000faaa0000)
  eden space 2176K, 100% used [0x00000000f8000000, 0x00000000f8220000, 0x00000000f8220000)
  from space 256K,  15% used [0x00000000f8260000, 0x00000000f826a1f8, 0x00000000f82a0000)
  to   space 256K,   0% used [0x00000000f8220000, 0x00000000f8220000, 0x00000000f8260000)
 tenured generation   total 5504K, used 5084K [0x00000000faaa0000, 0x00000000fb000000, 0x0000000100000000)
   the space 5504K,  92% used [0x00000000faaa0000, 0x00000000faf971f0, 0x00000000faf97200, 0x00000000fb000000)
 Metaspace       used 8953K, capacity 9355K, committed 9600K, reserved 1058816K
  class space    used 899K, capacity 1092K, committed 1152K, reserved 1048576K
}
Event: 171.470 GC heap after
{Heap after GC invocations=12 (full 0):
 def new generation   total 2432K, used 40K [0x00000000f8000000, 0x00000000f82a0000, 0x00000000faaa0000)
  eden space 2176K,   0% used [0x00000000f8000000, 0x00000000f8000000, 0x00000000f8220000)
  from space 256K,  15% used [0x00000000f8220000, 0x00000000f822a1d8, 0x00000000f8260000)
  to   space 256K,   0% used [0x00000000f8260000, 0x00000000f8260000, 0x00000000f82a0000)
 tenured generation   total 5504K, used 5084K [0x00000000faaa0000, 0x00000000fb000000, 0x0000000100000000)
   the space 5504K,  92% used [0x00000000faaa0000, 0x00000000faf971f0, 0x00000000faf97200, 0x00000000fb000000)
 Metaspace       used 8953K, capacity 9355K, committed 9600K, reserved 1058816K
  class space    used 899K, capacity 1092K, committed 1152K, reserved 1048576K
}

